03 Aug 2014 13:31:39,849   INFO VideoConverter.App.start(App.java:16) - ---------------------------------------------------------------------
03 Aug 2014 13:31:39,851   INFO VideoConverter.App.start(App.java:17) - -------------------- App started ------------------------------------
03 Aug 2014 13:31:39,852   INFO VideoConverter.App.start(App.java:18) - ---------------------------------------------------------------------
03 Aug 2014 13:31:40,136   INFO np.dheeraj.sachan.helper.HttpAgent.post(HttpAgent.java:66) - sending post reqeust=nulldesktopTranscoder/checkUpdate, params=[name=name]
03 Aug 2014 13:31:40,283  ERROR np.dheeraj.sachan.helper.HttpAgent.post(HttpAgent.java:76) - Target host must not be null, or set in parameters.
03 Aug 2014 13:31:40,283   INFO np.dheeraj.sachan.transcoder.TranscoderController.redirectHome(TranscoderController.java:167) - check update responsenull
03 Aug 2014 13:31:44,160   INFO VideoConverter.App.stop(App.java:26) - Window Closed ,stopping running session
03 Aug 2014 13:31:44,181   INFO VideoConverter.App.stop(App.java:28) - ---------------------------------------------------------------------
03 Aug 2014 13:31:44,181   INFO VideoConverter.App.stop(App.java:29) - -------------------- App stopped ------------------------------------
03 Aug 2014 13:31:44,181   INFO VideoConverter.App.stop(App.java:30) - ---------------------------------------------------------------------
03 Aug 2014 13:31:56,582   INFO VideoConverter.App.start(App.java:16) - ---------------------------------------------------------------------
03 Aug 2014 13:31:56,584   INFO VideoConverter.App.start(App.java:17) - -------------------- App started ------------------------------------
03 Aug 2014 13:31:56,585   INFO VideoConverter.App.start(App.java:18) - ---------------------------------------------------------------------
03 Aug 2014 13:31:57,033   INFO np.dheeraj.sachan.helper.HttpAgent.post(HttpAgent.java:66) - sending post reqeust=nulldesktopTranscoder/checkUpdate, params=[name=name]
03 Aug 2014 13:31:57,186  ERROR np.dheeraj.sachan.helper.HttpAgent.post(HttpAgent.java:76) - Target host must not be null, or set in parameters.
03 Aug 2014 13:31:57,186   INFO np.dheeraj.sachan.transcoder.TranscoderController.redirectHome(TranscoderController.java:167) - check update responsenull
03 Aug 2014 13:32:01,978   INFO VideoConverter.App.stop(App.java:26) - Window Closed ,stopping running session
03 Aug 2014 13:32:01,994   INFO VideoConverter.App.stop(App.java:28) - ---------------------------------------------------------------------
03 Aug 2014 13:32:01,995   INFO VideoConverter.App.stop(App.java:29) - -------------------- App stopped ------------------------------------
03 Aug 2014 13:32:01,996   INFO VideoConverter.App.stop(App.java:30) - ---------------------------------------------------------------------
03 Aug 2014 13:33:35,315   INFO VideoConverter.App.start(App.java:16) - ---------------------------------------------------------------------
03 Aug 2014 13:33:35,336   INFO VideoConverter.App.start(App.java:17) - -------------------- App started ------------------------------------
03 Aug 2014 13:33:35,340   INFO VideoConverter.App.start(App.java:18) - ---------------------------------------------------------------------
03 Aug 2014 13:33:35,735   INFO np.dheeraj.sachan.helper.HttpAgent.post(HttpAgent.java:66) - sending post reqeust=nulldesktopTranscoder/checkUpdate, params=[name=name]
03 Aug 2014 13:33:35,962  ERROR np.dheeraj.sachan.helper.HttpAgent.post(HttpAgent.java:76) - Target host must not be null, or set in parameters.
03 Aug 2014 13:33:35,963   INFO np.dheeraj.sachan.transcoder.TranscoderController.redirectHome(TranscoderController.java:167) - check update responsenull
03 Aug 2014 13:33:52,667   INFO np.dheeraj.sachan.transcoder.TranscoderController.selectPrimaryVideo(TranscoderController.java:283) - Primary file nameC:\Users\windows 7\Desktop\c++.mp4
03 Aug 2014 13:33:55,126   INFO np.dheeraj.sachan.transcoder.TranscoderController.addInQueue(TranscoderController.java:240) - Task successfully added in queue
03 Aug 2014 13:33:59,648   INFO VideoConverter.App.stop(App.java:26) - Window Closed ,stopping running session
03 Aug 2014 13:33:59,664   INFO VideoConverter.App.stop(App.java:28) - ---------------------------------------------------------------------
03 Aug 2014 13:33:59,664   INFO VideoConverter.App.stop(App.java:29) - -------------------- App stopped ------------------------------------
03 Aug 2014 13:33:59,664   INFO VideoConverter.App.stop(App.java:30) - ---------------------------------------------------------------------
03 Aug 2014 13:34:56,377   INFO VideoConverter.App.start(App.java:16) - ---------------------------------------------------------------------
03 Aug 2014 13:34:56,379   INFO VideoConverter.App.start(App.java:17) - -------------------- App started ------------------------------------
03 Aug 2014 13:34:56,380   INFO VideoConverter.App.start(App.java:18) - ---------------------------------------------------------------------
03 Aug 2014 13:34:56,740   INFO np.dheeraj.sachan.helper.HttpAgent.post(HttpAgent.java:66) - sending post reqeust=nulldesktopTranscoder/checkUpdate, params=[name=name]
03 Aug 2014 13:34:56,909  ERROR np.dheeraj.sachan.helper.HttpAgent.post(HttpAgent.java:76) - Target host must not be null, or set in parameters.
03 Aug 2014 13:34:56,909   INFO np.dheeraj.sachan.transcoder.TranscoderController.redirectHome(TranscoderController.java:167) - check update responsenull
03 Aug 2014 13:35:04,262   INFO np.dheeraj.sachan.transcoder.TranscoderController.selectPrimaryVideo(TranscoderController.java:282) - Primary file nameC:\Users\windows 7\Desktop\chupana bhi nahi aatha.webm
03 Aug 2014 13:35:05,674   INFO np.dheeraj.sachan.transcoder.TranscoderController.addInQueue(TranscoderController.java:239) - Task successfully added in queue
03 Aug 2014 13:35:10,799   INFO np.dheeraj.sachan.transcoder.TranscoderController.addInQueue(TranscoderController.java:239) - Task successfully added in queue
03 Aug 2014 13:35:14,017   INFO VideoConverter.App.stop(App.java:26) - Window Closed ,stopping running session
03 Aug 2014 13:35:14,035   INFO VideoConverter.App.stop(App.java:28) - ---------------------------------------------------------------------
03 Aug 2014 13:35:14,036   INFO VideoConverter.App.stop(App.java:29) - -------------------- App stopped ------------------------------------
03 Aug 2014 13:35:14,036   INFO VideoConverter.App.stop(App.java:30) - ---------------------------------------------------------------------
03 Aug 2014 20:40:55,624   INFO VideoConverter.App.start(App.java:16) - ---------------------------------------------------------------------
03 Aug 2014 20:40:55,626   INFO VideoConverter.App.start(App.java:17) - -------------------- App started ------------------------------------
03 Aug 2014 20:40:55,628   INFO VideoConverter.App.start(App.java:18) - ---------------------------------------------------------------------
03 Aug 2014 20:40:55,988   INFO np.dheeraj.sachan.helper.HttpAgent.post(HttpAgent.java:66) - sending post reqeust=nulldesktopTranscoder/checkUpdate, params=[name=name]
03 Aug 2014 20:40:56,160  ERROR np.dheeraj.sachan.helper.HttpAgent.post(HttpAgent.java:76) - Target host must not be null, or set in parameters.
03 Aug 2014 20:40:56,160   INFO np.dheeraj.sachan.transcoder.TranscoderController.redirectHome(TranscoderController.java:167) - check update responsenull
03 Aug 2014 20:41:02,760   INFO VideoConverter.App.stop(App.java:26) - Window Closed ,stopping running session
03 Aug 2014 20:41:02,778   INFO VideoConverter.App.stop(App.java:28) - ---------------------------------------------------------------------
03 Aug 2014 20:41:02,778   INFO VideoConverter.App.stop(App.java:29) - -------------------- App stopped ------------------------------------
03 Aug 2014 20:41:02,778   INFO VideoConverter.App.stop(App.java:30) - ---------------------------------------------------------------------
03 Aug 2014 20:41:08,023   INFO VideoConverter.App.start(App.java:16) - ---------------------------------------------------------------------
03 Aug 2014 20:41:08,025   INFO VideoConverter.App.start(App.java:17) - -------------------- App started ------------------------------------
03 Aug 2014 20:41:08,027   INFO VideoConverter.App.start(App.java:18) - ---------------------------------------------------------------------
03 Aug 2014 20:41:08,381   INFO np.dheeraj.sachan.helper.HttpAgent.post(HttpAgent.java:66) - sending post reqeust=nulldesktopTranscoder/checkUpdate, params=[name=name]
03 Aug 2014 20:41:08,548  ERROR np.dheeraj.sachan.helper.HttpAgent.post(HttpAgent.java:76) - Target host must not be null, or set in parameters.
03 Aug 2014 20:41:08,549   INFO np.dheeraj.sachan.transcoder.TranscoderController.redirectHome(TranscoderController.java:167) - check update responsenull
03 Aug 2014 20:41:13,777   INFO VideoConverter.App.stop(App.java:26) - Window Closed ,stopping running session
03 Aug 2014 20:41:13,796   INFO VideoConverter.App.stop(App.java:28) - ---------------------------------------------------------------------
03 Aug 2014 20:41:13,796   INFO VideoConverter.App.stop(App.java:29) - -------------------- App stopped ------------------------------------
03 Aug 2014 20:41:13,796   INFO VideoConverter.App.stop(App.java:30) - ---------------------------------------------------------------------
04 Aug 2014 21:58:23,505   INFO VideoConverter.App.start(App.java:16) - ---------------------------------------------------------------------
04 Aug 2014 21:58:23,511   INFO VideoConverter.App.start(App.java:17) - -------------------- App started ------------------------------------
04 Aug 2014 21:58:23,514   INFO VideoConverter.App.start(App.java:18) - ---------------------------------------------------------------------
04 Aug 2014 21:58:24,021   INFO np.dheeraj.sachan.helper.HttpAgent.post(HttpAgent.java:66) - sending post reqeust=nulldesktopTranscoder/checkUpdate, params=[name=name]
04 Aug 2014 21:58:24,539  ERROR np.dheeraj.sachan.helper.HttpAgent.post(HttpAgent.java:76) - Target host must not be null, or set in parameters.
04 Aug 2014 21:58:24,539   INFO np.dheeraj.sachan.transcoder.TranscoderController.redirectHome(TranscoderController.java:159) - check update responsenull
04 Aug 2014 21:58:34,871   INFO np.dheeraj.sachan.transcoder.TranscoderController.onForceAddEvent(TranscoderController.java:301) - Force add Primary file nameC:\Users\windows 7\Desktop\music\Ghajini (2008) - Guzarish [www.DJLUV.in].mp3
04 Aug 2014 21:58:42,653   INFO np.dheeraj.sachan.transcoder.TranscoderController.selectPrimaryVideo(TranscoderController.java:275) - Primary file nameC:\Users\windows 7\Downloads\Armageddon (1998)\Armageddon_1998.mkv
04 Aug 2014 21:58:44,739   INFO np.dheeraj.sachan.transcoder.TranscoderController.addInQueue(TranscoderController.java:231) - Task successfully added in queue
04 Aug 2014 21:59:33,484   INFO VideoConverter.App.start(App.java:16) - ---------------------------------------------------------------------
04 Aug 2014 21:59:33,486   INFO VideoConverter.App.start(App.java:17) - -------------------- App started ------------------------------------
04 Aug 2014 21:59:33,488   INFO VideoConverter.App.start(App.java:18) - ---------------------------------------------------------------------
04 Aug 2014 21:59:33,844   INFO np.dheeraj.sachan.helper.HttpAgent.post(HttpAgent.java:66) - sending post reqeust=nulldesktopTranscoder/checkUpdate, params=[name=name]
04 Aug 2014 21:59:34,011  ERROR np.dheeraj.sachan.helper.HttpAgent.post(HttpAgent.java:76) - Target host must not be null, or set in parameters.
04 Aug 2014 21:59:34,012   INFO np.dheeraj.sachan.transcoder.TranscoderController.redirectHome(TranscoderController.java:159) - check update responsenull
04 Aug 2014 21:59:40,248   INFO np.dheeraj.sachan.transcoder.TranscoderController.selectPrimaryVideo(TranscoderController.java:275) - Primary file nameC:\Users\windows 7\Downloads\Captain America The Winter Soldier 2014 DVDRIP XVID AC3 ACAB\Captain America The Winter Soldier 2014 DVDRIP XVID AC3 ACAB sample.avi
04 Aug 2014 21:59:41,276   INFO np.dheeraj.sachan.transcoder.TranscoderController.addInQueue(TranscoderController.java:231) - Task successfully added in queue
04 Aug 2014 21:59:54,659   INFO VideoConverter.App.stop(App.java:26) - Window Closed ,stopping running session
04 Aug 2014 21:59:54,674   INFO VideoConverter.App.stop(App.java:28) - ---------------------------------------------------------------------
04 Aug 2014 21:59:54,674   INFO VideoConverter.App.stop(App.java:29) - -------------------- App stopped ------------------------------------
04 Aug 2014 21:59:54,674   INFO VideoConverter.App.stop(App.java:30) - ---------------------------------------------------------------------
04 Aug 2014 22:00:58,714   INFO VideoConverter.App.start(App.java:16) - ---------------------------------------------------------------------
04 Aug 2014 22:00:58,716   INFO VideoConverter.App.start(App.java:17) - -------------------- App started ------------------------------------
04 Aug 2014 22:00:58,718   INFO VideoConverter.App.start(App.java:18) - ---------------------------------------------------------------------
04 Aug 2014 22:00:59,074   INFO np.dheeraj.sachan.helper.HttpAgent.post(HttpAgent.java:66) - sending post reqeust=nulldesktopTranscoder/checkUpdate, params=[name=name]
04 Aug 2014 22:00:59,256  ERROR np.dheeraj.sachan.helper.HttpAgent.post(HttpAgent.java:76) - Target host must not be null, or set in parameters.
04 Aug 2014 22:00:59,256   INFO np.dheeraj.sachan.transcoder.TranscoderController.redirectHome(TranscoderController.java:159) - check update responsenull
04 Aug 2014 22:01:08,923   INFO np.dheeraj.sachan.transcoder.TranscoderController.selectPrimaryVideo(TranscoderController.java:279) - Primary file nameC:\Users\windows 7\Downloads\Broken City (2013)\Broken.City.2013.720p.BRrip.x264.GAZ.YIFY.mp4
04 Aug 2014 22:01:09,636   INFO np.dheeraj.sachan.transcoder.TranscoderController.addInQueue(TranscoderController.java:231) - Task successfully added in queue
04 Aug 2014 22:01:25,220   INFO VideoConverter.App.stop(App.java:26) - Window Closed ,stopping running session
04 Aug 2014 22:01:25,236   INFO VideoConverter.App.stop(App.java:28) - ---------------------------------------------------------------------
04 Aug 2014 22:01:25,236   INFO VideoConverter.App.stop(App.java:29) - -------------------- App stopped ------------------------------------
04 Aug 2014 22:01:25,236   INFO VideoConverter.App.stop(App.java:30) - ---------------------------------------------------------------------
04 Aug 2014 22:02:11,188   INFO VideoConverter.App.start(App.java:16) - ---------------------------------------------------------------------
04 Aug 2014 22:02:11,190   INFO VideoConverter.App.start(App.java:17) - -------------------- App started ------------------------------------
04 Aug 2014 22:02:11,191   INFO VideoConverter.App.start(App.java:18) - ---------------------------------------------------------------------
04 Aug 2014 22:02:11,547   INFO np.dheeraj.sachan.helper.HttpAgent.post(HttpAgent.java:66) - sending post reqeust=nulldesktopTranscoder/checkUpdate, params=[name=name]
04 Aug 2014 22:02:11,715  ERROR np.dheeraj.sachan.helper.HttpAgent.post(HttpAgent.java:76) - Target host must not be null, or set in parameters.
04 Aug 2014 22:02:11,715   INFO np.dheeraj.sachan.transcoder.TranscoderController.redirectHome(TranscoderController.java:159) - check update responsenull
04 Aug 2014 22:02:18,804   INFO np.dheeraj.sachan.transcoder.TranscoderController.selectPrimaryVideo(TranscoderController.java:279) - Primary file nameC:\Users\windows 7\Downloads\300.Rise.of.an.Empire.2014.720p.WEBRiP.V2.800MB.STR Aathi\300.Rise.of.an.Empire.2014.720p.WEBRiP.V2.800MB.STR Aathi.mkv
04 Aug 2014 22:02:19,834   INFO np.dheeraj.sachan.transcoder.TranscoderController.addInQueue(TranscoderController.java:231) - Task successfully added in queue
04 Aug 2014 22:02:22,104   INFO np.dheeraj.sachan.transcoder.TranscoderController.removeFromQueue(TranscoderController.java:392) - +++++++++++++ test +++++++++++++++++++++
04 Aug 2014 22:02:27,897   INFO VideoConverter.App.stop(App.java:26) - Window Closed ,stopping running session
04 Aug 2014 22:02:27,924   INFO VideoConverter.App.stop(App.java:28) - ---------------------------------------------------------------------
04 Aug 2014 22:02:27,924   INFO VideoConverter.App.stop(App.java:29) - -------------------- App stopped ------------------------------------
04 Aug 2014 22:02:27,924   INFO VideoConverter.App.stop(App.java:30) - ---------------------------------------------------------------------
04 Aug 2014 22:02:28,803   INFO VideoConverter.App.stop(App.java:26) - Window Closed ,stopping running session
04 Aug 2014 22:02:28,806   INFO VideoConverter.App.stop(App.java:28) - ---------------------------------------------------------------------
04 Aug 2014 22:02:28,806   INFO VideoConverter.App.stop(App.java:29) - -------------------- App stopped ------------------------------------
04 Aug 2014 22:02:28,806   INFO VideoConverter.App.stop(App.java:30) - ---------------------------------------------------------------------
04 Aug 2014 22:02:32,226   INFO VideoConverter.App.start(App.java:16) - ---------------------------------------------------------------------
04 Aug 2014 22:02:32,228   INFO VideoConverter.App.start(App.java:17) - -------------------- App started ------------------------------------
04 Aug 2014 22:02:32,230   INFO VideoConverter.App.start(App.java:18) - ---------------------------------------------------------------------
04 Aug 2014 22:02:32,579   INFO np.dheeraj.sachan.helper.HttpAgent.post(HttpAgent.java:66) - sending post reqeust=nulldesktopTranscoder/checkUpdate, params=[name=name]
04 Aug 2014 22:02:32,747  ERROR np.dheeraj.sachan.helper.HttpAgent.post(HttpAgent.java:76) - Target host must not be null, or set in parameters.
04 Aug 2014 22:02:32,748   INFO np.dheeraj.sachan.transcoder.TranscoderController.redirectHome(TranscoderController.java:159) - check update responsenull
04 Aug 2014 22:02:38,221   INFO np.dheeraj.sachan.transcoder.TranscoderController.selectPrimaryVideo(TranscoderController.java:279) - Primary file nameC:\Users\windows 7\Downloads\300.Rise.of.an.Empire.2014.720p.WEBRiP.V2.800MB.STR Aathi\300.Rise.of.an.Empire.2014.720p.WEBRiP.V2.800MB.STR Aathi.mkv
04 Aug 2014 22:02:39,134   INFO np.dheeraj.sachan.transcoder.TranscoderController.addInQueue(TranscoderController.java:231) - Task successfully added in queue
04 Aug 2014 22:02:41,967   INFO np.dheeraj.sachan.transcoder.TranscoderController.removeFromQueue(TranscoderController.java:392) - +++++++++++++ test +++++++++++++++++++++
04 Aug 2014 22:02:52,765   INFO VideoConverter.App.stop(App.java:26) - Window Closed ,stopping running session
04 Aug 2014 22:02:52,780   INFO VideoConverter.App.stop(App.java:28) - ---------------------------------------------------------------------
04 Aug 2014 22:02:52,781   INFO VideoConverter.App.stop(App.java:29) - -------------------- App stopped ------------------------------------
04 Aug 2014 22:02:52,781   INFO VideoConverter.App.stop(App.java:30) - ---------------------------------------------------------------------
04 Aug 2014 22:12:45,216   INFO VideoConverter.App.start(App.java:16) - ---------------------------------------------------------------------
04 Aug 2014 22:12:45,218   INFO VideoConverter.App.start(App.java:17) - -------------------- App started ------------------------------------
04 Aug 2014 22:12:45,219   INFO VideoConverter.App.start(App.java:18) - ---------------------------------------------------------------------
04 Aug 2014 22:12:45,573   INFO np.dheeraj.sachan.helper.HttpAgent.post(HttpAgent.java:66) - sending post reqeust=nulldesktopTranscoder/checkUpdate, params=[name=name]
04 Aug 2014 22:12:45,740  ERROR np.dheeraj.sachan.helper.HttpAgent.post(HttpAgent.java:76) - Target host must not be null, or set in parameters.
04 Aug 2014 22:12:45,740   INFO np.dheeraj.sachan.transcoder.TranscoderController.redirectHome(TranscoderController.java:159) - check update responsenull
04 Aug 2014 22:12:49,374   INFO np.dheeraj.sachan.transcoder.TranscoderController.selectPrimaryVideo(TranscoderController.java:278) - Primary file nameC:\Users\windows 7\Downloads\Armageddon (1998)\Armageddon_1998.mkv
04 Aug 2014 22:12:50,431   INFO np.dheeraj.sachan.transcoder.TranscoderController.addInQueue(TranscoderController.java:231) - Task successfully added in queue
04 Aug 2014 22:12:52,639   INFO np.dheeraj.sachan.transcoder.TranscoderController.removeFromQueue(TranscoderController.java:395) - *******************************************************
04 Aug 2014 22:12:57,091   INFO np.dheeraj.sachan.transcoder.TranscoderController.removeFromQueue(TranscoderController.java:395) - *******************************************************
04 Aug 2014 22:12:59,690   INFO VideoConverter.App.stop(App.java:26) - Window Closed ,stopping running session
04 Aug 2014 22:12:59,706   INFO VideoConverter.App.stop(App.java:28) - ---------------------------------------------------------------------
04 Aug 2014 22:12:59,706   INFO VideoConverter.App.stop(App.java:29) - -------------------- App stopped ------------------------------------
04 Aug 2014 22:12:59,707   INFO VideoConverter.App.stop(App.java:30) - ---------------------------------------------------------------------
04 Aug 2014 22:14:28,361   INFO VideoConverter.App.start(App.java:16) - ---------------------------------------------------------------------
04 Aug 2014 22:14:28,363   INFO VideoConverter.App.start(App.java:17) - -------------------- App started ------------------------------------
04 Aug 2014 22:14:28,365   INFO VideoConverter.App.start(App.java:18) - ---------------------------------------------------------------------
04 Aug 2014 22:14:28,717   INFO np.dheeraj.sachan.helper.HttpAgent.post(HttpAgent.java:66) - sending post reqeust=nulldesktopTranscoder/checkUpdate, params=[name=name]
04 Aug 2014 22:14:28,885  ERROR np.dheeraj.sachan.helper.HttpAgent.post(HttpAgent.java:76) - Target host must not be null, or set in parameters.
04 Aug 2014 22:14:28,886   INFO np.dheeraj.sachan.transcoder.TranscoderController.redirectHome(TranscoderController.java:159) - check update responsenull
04 Aug 2014 22:14:34,371   INFO np.dheeraj.sachan.transcoder.TranscoderController.selectPrimaryVideo(TranscoderController.java:278) - Primary file nameC:\Users\windows 7\Downloads\300.Rise.of.an.Empire.2014.720p.WEBRiP.V2.800MB.STR Aathi\300.Rise.of.an.Empire.2014.720p.WEBRiP.V2.800MB.STR Aathi.mkv
04 Aug 2014 22:14:36,151   INFO np.dheeraj.sachan.transcoder.TranscoderController.addInQueue(TranscoderController.java:231) - Task successfully added in queue
04 Aug 2014 22:14:53,557   INFO np.dheeraj.sachan.transcoder.TranscoderController.addInQueue(TranscoderController.java:231) - Task successfully added in queue
04 Aug 2014 22:14:58,635   INFO VideoConverter.App.stop(App.java:26) - Window Closed ,stopping running session
04 Aug 2014 22:14:58,651   INFO VideoConverter.App.stop(App.java:28) - ---------------------------------------------------------------------
04 Aug 2014 22:14:58,651   INFO VideoConverter.App.stop(App.java:29) - -------------------- App stopped ------------------------------------
04 Aug 2014 22:14:58,652   INFO VideoConverter.App.stop(App.java:30) - ---------------------------------------------------------------------
08 Aug 2014 22:39:27,768   INFO VideoConverter.App.start(App.java:16) - ---------------------------------------------------------------------
08 Aug 2014 22:39:27,783   INFO VideoConverter.App.start(App.java:17) - -------------------- App started ------------------------------------
08 Aug 2014 22:39:27,784   INFO VideoConverter.App.start(App.java:18) - ---------------------------------------------------------------------
08 Aug 2014 22:39:28,263   INFO np.dheeraj.sachan.helper.HttpAgent.post(HttpAgent.java:66) - sending post reqeust=nulldesktopTranscoder/checkUpdate, params=[name=name]
08 Aug 2014 22:39:28,781  ERROR np.dheeraj.sachan.helper.HttpAgent.post(HttpAgent.java:76) - Target host must not be null, or set in parameters.
08 Aug 2014 22:39:28,782   INFO np.dheeraj.sachan.transcoder.TranscoderController.redirectHome(TranscoderController.java:161) - check update responsenull
08 Aug 2014 22:39:30,235   INFO VideoConverter.App.stop(App.java:26) - Window Closed ,stopping running session
08 Aug 2014 22:39:30,255   INFO VideoConverter.App.stop(App.java:28) - ---------------------------------------------------------------------
08 Aug 2014 22:39:30,255   INFO VideoConverter.App.stop(App.java:29) - -------------------- App stopped ------------------------------------
08 Aug 2014 22:39:30,255   INFO VideoConverter.App.stop(App.java:30) - ---------------------------------------------------------------------
07 Sep 2014 17:08:21,694   INFO VideoConverter.App.start(App.java:16) - ---------------------------------------------------------------------
07 Sep 2014 17:08:21,719   INFO VideoConverter.App.start(App.java:17) - -------------------- App started ------------------------------------
07 Sep 2014 17:08:21,760   INFO VideoConverter.App.start(App.java:18) - ---------------------------------------------------------------------
07 Sep 2014 17:08:24,084   INFO np.dheeraj.sachan.helper.HttpAgent.post(HttpAgent.java:66) - sending post reqeust=nulldesktopTranscoder/checkUpdate, params=[name=name]
07 Sep 2014 17:08:26,065  ERROR np.dheeraj.sachan.helper.HttpAgent.post(HttpAgent.java:76) - Target host must not be null, or set in parameters.
07 Sep 2014 17:08:26,066   INFO np.dheeraj.sachan.transcoder.TranscoderController.redirectHome(TranscoderController.java:161) - check update responsenull
07 Sep 2014 17:08:44,512   INFO VideoConverter.App.stop(App.java:26) - Window Closed ,stopping running session
07 Sep 2014 17:08:44,554   INFO VideoConverter.App.stop(App.java:28) - ---------------------------------------------------------------------
07 Sep 2014 17:08:44,554   INFO VideoConverter.App.stop(App.java:29) - -------------------- App stopped ------------------------------------
07 Sep 2014 17:08:44,555   INFO VideoConverter.App.stop(App.java:30) - ---------------------------------------------------------------------
07 Sep 2014 17:14:28,008   INFO VideoConverter.App.start(App.java:16) - ---------------------------------------------------------------------
07 Sep 2014 17:14:28,013   INFO VideoConverter.App.start(App.java:17) - -------------------- App started ------------------------------------
07 Sep 2014 17:14:28,017   INFO VideoConverter.App.start(App.java:18) - ---------------------------------------------------------------------
07 Sep 2014 17:14:28,779   INFO VideoConverter.App.stop(App.java:26) - Window Closed ,stopping running session
07 Sep 2014 17:15:02,250   INFO VideoConverter.App.start(App.java:16) - ---------------------------------------------------------------------
07 Sep 2014 17:15:02,255   INFO VideoConverter.App.start(App.java:17) - -------------------- App started ------------------------------------
07 Sep 2014 17:15:02,259   INFO VideoConverter.App.start(App.java:18) - ---------------------------------------------------------------------
07 Sep 2014 17:15:03,344   INFO np.dheeraj.sachan.helper.HttpAgent.post(HttpAgent.java:66) - sending post reqeust=nulldesktopTranscoder/checkUpdate, params=[name=name]
07 Sep 2014 17:15:03,871  ERROR np.dheeraj.sachan.helper.HttpAgent.post(HttpAgent.java:76) - Target host must not be null, or set in parameters.
07 Sep 2014 17:15:03,871   INFO np.dheeraj.sachan.transcoder.TranscoderController.redirectHome(TranscoderController.java:164) - check update responsenull
07 Sep 2014 17:15:28,391   INFO VideoConverter.App.stop(App.java:26) - Window Closed ,stopping running session
07 Sep 2014 17:15:28,414   INFO VideoConverter.App.stop(App.java:28) - ---------------------------------------------------------------------
07 Sep 2014 17:15:28,414   INFO VideoConverter.App.stop(App.java:29) - -------------------- App stopped ------------------------------------
07 Sep 2014 17:15:28,415   INFO VideoConverter.App.stop(App.java:30) - ---------------------------------------------------------------------
07 Sep 2014 17:29:20,307   INFO VideoConverter.App.start(App.java:16) - ---------------------------------------------------------------------
07 Sep 2014 17:29:20,321   INFO VideoConverter.App.start(App.java:17) - -------------------- App started ------------------------------------
07 Sep 2014 17:29:20,334   INFO VideoConverter.App.start(App.java:18) - ---------------------------------------------------------------------
07 Sep 2014 17:29:22,253   INFO np.dheeraj.sachan.helper.HttpAgent.post(HttpAgent.java:66) - sending post reqeust=nulldesktopTranscoder/checkUpdate, params=[name=name]
07 Sep 2014 17:29:23,112  ERROR np.dheeraj.sachan.helper.HttpAgent.post(HttpAgent.java:76) - Target host must not be null, or set in parameters.
07 Sep 2014 17:29:23,113   INFO np.dheeraj.sachan.transcoder.TranscoderController.redirectHome(TranscoderController.java:158) - check update responsenull
07 Sep 2014 17:29:51,688   INFO VideoConverter.App.stop(App.java:26) - Window Closed ,stopping running session
07 Sep 2014 17:29:51,728   INFO VideoConverter.App.stop(App.java:28) - ---------------------------------------------------------------------
07 Sep 2014 17:29:51,729   INFO VideoConverter.App.stop(App.java:29) - -------------------- App stopped ------------------------------------
07 Sep 2014 17:29:51,730   INFO VideoConverter.App.stop(App.java:30) - ---------------------------------------------------------------------
07 Sep 2014 17:30:48,106   INFO VideoConverter.App.start(App.java:16) - ---------------------------------------------------------------------
07 Sep 2014 17:30:48,115   INFO VideoConverter.App.start(App.java:17) - -------------------- App started ------------------------------------
07 Sep 2014 17:30:48,122   INFO VideoConverter.App.start(App.java:18) - ---------------------------------------------------------------------
07 Sep 2014 17:30:49,965   INFO np.dheeraj.sachan.helper.HttpAgent.post(HttpAgent.java:66) - sending post reqeust=nulldesktopTranscoder/checkUpdate, params=[name=name]
07 Sep 2014 17:30:50,816  ERROR np.dheeraj.sachan.helper.HttpAgent.post(HttpAgent.java:76) - Target host must not be null, or set in parameters.
07 Sep 2014 17:30:50,817   INFO np.dheeraj.sachan.transcoder.TranscoderController.redirectHome(TranscoderController.java:158) - check update responsenull
07 Sep 2014 17:30:59,167   INFO VideoConverter.App.stop(App.java:26) - Window Closed ,stopping running session
07 Sep 2014 17:30:59,194   INFO VideoConverter.App.stop(App.java:28) - ---------------------------------------------------------------------
07 Sep 2014 17:30:59,195   INFO VideoConverter.App.stop(App.java:29) - -------------------- App stopped ------------------------------------
07 Sep 2014 17:30:59,196   INFO VideoConverter.App.stop(App.java:30) - ---------------------------------------------------------------------
07 Sep 2014 17:33:36,701   INFO VideoConverter.App.start(App.java:16) - ---------------------------------------------------------------------
07 Sep 2014 17:33:36,714   INFO VideoConverter.App.start(App.java:17) - -------------------- App started ------------------------------------
07 Sep 2014 17:33:36,725   INFO VideoConverter.App.start(App.java:18) - ---------------------------------------------------------------------
07 Sep 2014 17:33:39,627   INFO np.dheeraj.sachan.helper.HttpAgent.post(HttpAgent.java:66) - sending post reqeust=nulldesktopTranscoder/checkUpdate, params=[name=name]
07 Sep 2014 17:33:41,199  ERROR np.dheeraj.sachan.helper.HttpAgent.post(HttpAgent.java:76) - Target host must not be null, or set in parameters.
07 Sep 2014 17:33:41,201   INFO np.dheeraj.sachan.transcoder.TranscoderController.redirectHome(TranscoderController.java:158) - check update responsenull
07 Sep 2014 17:33:51,687   INFO VideoConverter.App.stop(App.java:26) - Window Closed ,stopping running session
07 Sep 2014 17:33:51,784   INFO VideoConverter.App.stop(App.java:28) - ---------------------------------------------------------------------
07 Sep 2014 17:33:51,789   INFO VideoConverter.App.stop(App.java:29) - -------------------- App stopped ------------------------------------
07 Sep 2014 17:33:51,791   INFO VideoConverter.App.stop(App.java:30) - ---------------------------------------------------------------------
07 Sep 2014 17:34:20,485   INFO VideoConverter.App.start(App.java:16) - ---------------------------------------------------------------------
07 Sep 2014 17:34:20,497   INFO VideoConverter.App.start(App.java:17) - -------------------- App started ------------------------------------
07 Sep 2014 17:34:20,505   INFO VideoConverter.App.start(App.java:18) - ---------------------------------------------------------------------
07 Sep 2014 17:34:24,694   INFO np.dheeraj.sachan.helper.HttpAgent.post(HttpAgent.java:66) - sending post reqeust=nulldesktopTranscoder/checkUpdate, params=[name=name]
07 Sep 2014 17:34:26,916  ERROR np.dheeraj.sachan.helper.HttpAgent.post(HttpAgent.java:76) - Target host must not be null, or set in parameters.
07 Sep 2014 17:34:26,918   INFO np.dheeraj.sachan.transcoder.TranscoderController.redirectHome(TranscoderController.java:158) - check update responsenull
07 Sep 2014 17:34:35,152   INFO VideoConverter.App.stop(App.java:26) - Window Closed ,stopping running session
07 Sep 2014 17:34:35,287   INFO VideoConverter.App.stop(App.java:28) - ---------------------------------------------------------------------
07 Sep 2014 17:34:35,290   INFO VideoConverter.App.stop(App.java:29) - -------------------- App stopped ------------------------------------
07 Sep 2014 17:34:35,291   INFO VideoConverter.App.stop(App.java:30) - ---------------------------------------------------------------------
07 Sep 2014 17:35:04,117   INFO VideoConverter.App.start(App.java:16) - ---------------------------------------------------------------------
07 Sep 2014 17:35:04,151   INFO VideoConverter.App.start(App.java:17) - -------------------- App started ------------------------------------
07 Sep 2014 17:35:04,182   INFO VideoConverter.App.start(App.java:18) - ---------------------------------------------------------------------
07 Sep 2014 17:35:09,261   INFO np.dheeraj.sachan.helper.HttpAgent.post(HttpAgent.java:66) - sending post reqeust=nulldesktopTranscoder/checkUpdate, params=[name=name]
07 Sep 2014 17:35:11,705  ERROR np.dheeraj.sachan.helper.HttpAgent.post(HttpAgent.java:76) - Target host must not be null, or set in parameters.
07 Sep 2014 17:35:11,707   INFO np.dheeraj.sachan.transcoder.TranscoderController.redirectHome(TranscoderController.java:158) - check update responsenull
07 Sep 2014 17:35:39,516   INFO VideoConverter.App.stop(App.java:26) - Window Closed ,stopping running session
07 Sep 2014 17:35:39,565   INFO VideoConverter.App.stop(App.java:28) - ---------------------------------------------------------------------
07 Sep 2014 17:35:39,566   INFO VideoConverter.App.stop(App.java:29) - -------------------- App stopped ------------------------------------
07 Sep 2014 17:35:39,567   INFO VideoConverter.App.stop(App.java:30) - ---------------------------------------------------------------------
07 Sep 2014 17:36:32,768   INFO VideoConverter.App.start(App.java:16) - ---------------------------------------------------------------------
07 Sep 2014 17:36:32,776   INFO VideoConverter.App.start(App.java:17) - -------------------- App started ------------------------------------
07 Sep 2014 17:36:32,783   INFO VideoConverter.App.start(App.java:18) - ---------------------------------------------------------------------
07 Sep 2014 17:36:34,369   INFO np.dheeraj.sachan.helper.HttpAgent.post(HttpAgent.java:66) - sending post reqeust=nulldesktopTranscoder/checkUpdate, params=[name=name]
07 Sep 2014 17:36:35,183  ERROR np.dheeraj.sachan.helper.HttpAgent.post(HttpAgent.java:76) - Target host must not be null, or set in parameters.
07 Sep 2014 17:36:35,185   INFO np.dheeraj.sachan.transcoder.TranscoderController.redirectHome(TranscoderController.java:158) - check update responsenull
07 Sep 2014 17:37:28,069   INFO VideoConverter.App.stop(App.java:26) - Window Closed ,stopping running session
07 Sep 2014 17:37:28,102   INFO VideoConverter.App.stop(App.java:28) - ---------------------------------------------------------------------
07 Sep 2014 17:37:28,103   INFO VideoConverter.App.stop(App.java:29) - -------------------- App stopped ------------------------------------
07 Sep 2014 17:37:28,104   INFO VideoConverter.App.stop(App.java:30) - ---------------------------------------------------------------------
07 Sep 2014 17:44:09,981   INFO VideoConverter.App.start(App.java:16) - ---------------------------------------------------------------------
07 Sep 2014 17:44:10,038   INFO VideoConverter.App.start(App.java:17) - -------------------- App started ------------------------------------
07 Sep 2014 17:44:10,077   INFO VideoConverter.App.start(App.java:18) - ---------------------------------------------------------------------
07 Sep 2014 17:44:13,971   INFO np.dheeraj.sachan.helper.HttpAgent.post(HttpAgent.java:66) - sending post reqeust=nulldesktopTranscoder/checkUpdate, params=[name=name]
07 Sep 2014 17:44:16,079  ERROR np.dheeraj.sachan.helper.HttpAgent.post(HttpAgent.java:76) - Target host must not be null, or set in parameters.
07 Sep 2014 17:44:16,080   INFO np.dheeraj.sachan.transcoder.TranscoderController.redirectHome(TranscoderController.java:158) - check update responsenull
07 Sep 2014 17:45:06,937   INFO VideoConverter.App.stop(App.java:26) - Window Closed ,stopping running session
07 Sep 2014 17:45:07,033   INFO VideoConverter.App.stop(App.java:28) - ---------------------------------------------------------------------
07 Sep 2014 17:45:07,033   INFO VideoConverter.App.stop(App.java:29) - -------------------- App stopped ------------------------------------
07 Sep 2014 17:45:07,035   INFO VideoConverter.App.stop(App.java:30) - ---------------------------------------------------------------------
07 Sep 2014 17:47:36,785   INFO VideoConverter.App.start(App.java:16) - ---------------------------------------------------------------------
07 Sep 2014 17:47:36,793   INFO VideoConverter.App.start(App.java:17) - -------------------- App started ------------------------------------
07 Sep 2014 17:47:36,801   INFO VideoConverter.App.start(App.java:18) - ---------------------------------------------------------------------
07 Sep 2014 17:48:15,800   INFO VideoConverter.App.stop(App.java:26) - Window Closed ,stopping running session
07 Sep 2014 17:48:15,842   INFO VideoConverter.App.stop(App.java:28) - ---------------------------------------------------------------------
07 Sep 2014 17:48:15,843   INFO VideoConverter.App.stop(App.java:29) - -------------------- App stopped ------------------------------------
07 Sep 2014 17:48:15,843   INFO VideoConverter.App.stop(App.java:30) - ---------------------------------------------------------------------
07 Sep 2014 20:44:21,720   INFO VideoConverter.App.start(App.java:16) - ---------------------------------------------------------------------
07 Sep 2014 20:44:21,732   INFO VideoConverter.App.start(App.java:17) - -------------------- App started ------------------------------------
07 Sep 2014 20:44:21,736   INFO VideoConverter.App.start(App.java:18) - ---------------------------------------------------------------------
07 Sep 2014 21:05:36,871   INFO VideoConverter.App.stop(App.java:26) - Window Closed ,stopping running session
07 Sep 2014 21:05:36,926   INFO VideoConverter.App.stop(App.java:28) - ---------------------------------------------------------------------
07 Sep 2014 21:05:36,926   INFO VideoConverter.App.stop(App.java:29) - -------------------- App stopped ------------------------------------
07 Sep 2014 21:05:36,927   INFO VideoConverter.App.stop(App.java:30) - ---------------------------------------------------------------------
07 Sep 2014 21:06:03,626   INFO VideoConverter.App.start(App.java:16) - ---------------------------------------------------------------------
07 Sep 2014 21:06:03,628   INFO VideoConverter.App.start(App.java:17) - -------------------- App started ------------------------------------
07 Sep 2014 21:06:03,630   INFO VideoConverter.App.start(App.java:18) - ---------------------------------------------------------------------
07 Sep 2014 21:06:11,920   INFO VideoConverter.App.stop(App.java:26) - Window Closed ,stopping running session
07 Sep 2014 21:06:11,938   INFO VideoConverter.App.stop(App.java:28) - ---------------------------------------------------------------------
07 Sep 2014 21:06:11,939   INFO VideoConverter.App.stop(App.java:29) - -------------------- App stopped ------------------------------------
07 Sep 2014 21:06:11,939   INFO VideoConverter.App.stop(App.java:30) - ---------------------------------------------------------------------
07 Sep 2014 21:06:33,258   INFO VideoConverter.App.start(App.java:16) - ---------------------------------------------------------------------
07 Sep 2014 21:06:33,260   INFO VideoConverter.App.start(App.java:17) - -------------------- App started ------------------------------------
07 Sep 2014 21:06:33,262   INFO VideoConverter.App.start(App.java:18) - ---------------------------------------------------------------------
07 Sep 2014 21:06:55,678   INFO VideoConverter.App.stop(App.java:26) - Window Closed ,stopping running session
07 Sep 2014 21:06:55,689   INFO VideoConverter.App.stop(App.java:28) - ---------------------------------------------------------------------
07 Sep 2014 21:06:55,689   INFO VideoConverter.App.stop(App.java:29) - -------------------- App stopped ------------------------------------
07 Sep 2014 21:06:55,689   INFO VideoConverter.App.stop(App.java:30) - ---------------------------------------------------------------------
07 Sep 2014 21:09:18,734   INFO VideoConverter.App.start(App.java:16) - ---------------------------------------------------------------------
07 Sep 2014 21:09:18,736   INFO VideoConverter.App.start(App.java:17) - -------------------- App started ------------------------------------
07 Sep 2014 21:09:18,737   INFO VideoConverter.App.start(App.java:18) - ---------------------------------------------------------------------
07 Sep 2014 21:09:22,076   INFO VideoConverter.App.stop(App.java:26) - Window Closed ,stopping running session
07 Sep 2014 21:09:22,090   INFO VideoConverter.App.stop(App.java:28) - ---------------------------------------------------------------------
07 Sep 2014 21:09:22,091   INFO VideoConverter.App.stop(App.java:29) - -------------------- App stopped ------------------------------------
07 Sep 2014 21:09:22,091   INFO VideoConverter.App.stop(App.java:30) - ---------------------------------------------------------------------
07 Sep 2014 21:09:29,435   INFO VideoConverter.App.start(App.java:16) - ---------------------------------------------------------------------
07 Sep 2014 21:09:29,437   INFO VideoConverter.App.start(App.java:17) - -------------------- App started ------------------------------------
07 Sep 2014 21:09:29,438   INFO VideoConverter.App.start(App.java:18) - ---------------------------------------------------------------------
07 Sep 2014 21:09:42,333   INFO VideoConverter.App.stop(App.java:26) - Window Closed ,stopping running session
07 Sep 2014 21:09:42,350   INFO VideoConverter.App.stop(App.java:28) - ---------------------------------------------------------------------
07 Sep 2014 21:09:42,351   INFO VideoConverter.App.stop(App.java:29) - -------------------- App stopped ------------------------------------
07 Sep 2014 21:09:42,351   INFO VideoConverter.App.stop(App.java:30) - ---------------------------------------------------------------------
07 Sep 2014 21:11:16,862   INFO VideoConverter.App.start(App.java:16) - ---------------------------------------------------------------------
07 Sep 2014 21:11:16,864   INFO VideoConverter.App.start(App.java:17) - -------------------- App started ------------------------------------
07 Sep 2014 21:11:16,866   INFO VideoConverter.App.start(App.java:18) - ---------------------------------------------------------------------
07 Sep 2014 21:11:25,636   INFO VideoConverter.App.stop(App.java:26) - Window Closed ,stopping running session
07 Sep 2014 21:11:25,655   INFO VideoConverter.App.stop(App.java:28) - ---------------------------------------------------------------------
07 Sep 2014 21:11:25,656   INFO VideoConverter.App.stop(App.java:29) - -------------------- App stopped ------------------------------------
07 Sep 2014 21:11:25,656   INFO VideoConverter.App.stop(App.java:30) - ---------------------------------------------------------------------
07 Sep 2014 21:12:34,141   INFO VideoConverter.App.start(App.java:16) - ---------------------------------------------------------------------
07 Sep 2014 21:12:34,143   INFO VideoConverter.App.start(App.java:17) - -------------------- App started ------------------------------------
07 Sep 2014 21:12:34,145   INFO VideoConverter.App.start(App.java:18) - ---------------------------------------------------------------------
07 Sep 2014 21:12:56,209   INFO VideoConverter.App.stop(App.java:26) - Window Closed ,stopping running session
07 Sep 2014 21:12:56,233   INFO VideoConverter.App.stop(App.java:28) - ---------------------------------------------------------------------
07 Sep 2014 21:12:56,233   INFO VideoConverter.App.stop(App.java:29) - -------------------- App stopped ------------------------------------
07 Sep 2014 21:12:56,233   INFO VideoConverter.App.stop(App.java:30) - ---------------------------------------------------------------------
07 Sep 2014 21:14:01,954   INFO VideoConverter.App.start(App.java:16) - ---------------------------------------------------------------------
07 Sep 2014 21:14:01,956   INFO VideoConverter.App.start(App.java:17) - -------------------- App started ------------------------------------
07 Sep 2014 21:14:01,958   INFO VideoConverter.App.start(App.java:18) - ---------------------------------------------------------------------
07 Sep 2014 21:14:06,891   INFO VideoConverter.App.stop(App.java:26) - Window Closed ,stopping running session
07 Sep 2014 21:14:06,918   INFO VideoConverter.App.stop(App.java:28) - ---------------------------------------------------------------------
07 Sep 2014 21:14:06,918   INFO VideoConverter.App.stop(App.java:29) - -------------------- App stopped ------------------------------------
07 Sep 2014 21:14:06,918   INFO VideoConverter.App.stop(App.java:30) - ---------------------------------------------------------------------
07 Sep 2014 21:14:18,604   INFO VideoConverter.App.start(App.java:16) - ---------------------------------------------------------------------
07 Sep 2014 21:14:18,606   INFO VideoConverter.App.start(App.java:17) - -------------------- App started ------------------------------------
07 Sep 2014 21:14:18,608   INFO VideoConverter.App.start(App.java:18) - ---------------------------------------------------------------------
07 Sep 2014 21:14:21,090   INFO VideoConverter.App.stop(App.java:26) - Window Closed ,stopping running session
07 Sep 2014 21:14:21,103   INFO VideoConverter.App.stop(App.java:28) - ---------------------------------------------------------------------
07 Sep 2014 21:14:21,103   INFO VideoConverter.App.stop(App.java:29) - -------------------- App stopped ------------------------------------
07 Sep 2014 21:14:21,103   INFO VideoConverter.App.stop(App.java:30) - ---------------------------------------------------------------------
07 Sep 2014 21:14:53,652   INFO VideoConverter.App.start(App.java:16) - ---------------------------------------------------------------------
07 Sep 2014 21:14:53,654   INFO VideoConverter.App.start(App.java:17) - -------------------- App started ------------------------------------
07 Sep 2014 21:14:53,655   INFO VideoConverter.App.start(App.java:18) - ---------------------------------------------------------------------
07 Sep 2014 21:14:58,376   INFO VideoConverter.App.stop(App.java:26) - Window Closed ,stopping running session
07 Sep 2014 21:14:58,394   INFO VideoConverter.App.stop(App.java:28) - ---------------------------------------------------------------------
07 Sep 2014 21:14:58,395   INFO VideoConverter.App.stop(App.java:29) - -------------------- App stopped ------------------------------------
07 Sep 2014 21:14:58,395   INFO VideoConverter.App.stop(App.java:30) - ---------------------------------------------------------------------
07 Sep 2014 21:15:04,962   INFO VideoConverter.App.start(App.java:16) - ---------------------------------------------------------------------
07 Sep 2014 21:15:04,964   INFO VideoConverter.App.start(App.java:17) - -------------------- App started ------------------------------------
07 Sep 2014 21:15:04,965   INFO VideoConverter.App.start(App.java:18) - ---------------------------------------------------------------------
07 Sep 2014 21:15:36,877   INFO VideoConverter.App.stop(App.java:26) - Window Closed ,stopping running session
07 Sep 2014 21:15:36,896   INFO VideoConverter.App.stop(App.java:28) - ---------------------------------------------------------------------
07 Sep 2014 21:15:36,897   INFO VideoConverter.App.stop(App.java:29) - -------------------- App stopped ------------------------------------
07 Sep 2014 21:15:36,897   INFO VideoConverter.App.stop(App.java:30) - ---------------------------------------------------------------------
07 Sep 2014 21:15:44,884   INFO VideoConverter.App.start(App.java:16) - ---------------------------------------------------------------------
07 Sep 2014 21:15:44,886   INFO VideoConverter.App.start(App.java:17) - -------------------- App started ------------------------------------
07 Sep 2014 21:15:44,887   INFO VideoConverter.App.start(App.java:18) - ---------------------------------------------------------------------
07 Sep 2014 21:16:01,705   INFO VideoConverter.App.stop(App.java:26) - Window Closed ,stopping running session
07 Sep 2014 21:16:01,723   INFO VideoConverter.App.stop(App.java:28) - ---------------------------------------------------------------------
07 Sep 2014 21:16:01,723   INFO VideoConverter.App.stop(App.java:29) - -------------------- App stopped ------------------------------------
07 Sep 2014 21:16:01,724   INFO VideoConverter.App.stop(App.java:30) - ---------------------------------------------------------------------
07 Sep 2014 21:16:41,148   INFO VideoConverter.App.start(App.java:16) - ---------------------------------------------------------------------
07 Sep 2014 21:16:41,150   INFO VideoConverter.App.start(App.java:17) - -------------------- App started ------------------------------------
07 Sep 2014 21:16:41,152   INFO VideoConverter.App.start(App.java:18) - ---------------------------------------------------------------------
07 Sep 2014 21:16:52,201   INFO VideoConverter.App.stop(App.java:26) - Window Closed ,stopping running session
07 Sep 2014 21:16:52,227   INFO VideoConverter.App.stop(App.java:28) - ---------------------------------------------------------------------
07 Sep 2014 21:16:52,227   INFO VideoConverter.App.stop(App.java:29) - -------------------- App stopped ------------------------------------
07 Sep 2014 21:16:52,227   INFO VideoConverter.App.stop(App.java:30) - ---------------------------------------------------------------------
07 Sep 2014 21:17:10,280   INFO VideoConverter.App.start(App.java:16) - ---------------------------------------------------------------------
07 Sep 2014 21:17:10,282   INFO VideoConverter.App.start(App.java:17) - -------------------- App started ------------------------------------
07 Sep 2014 21:17:10,284   INFO VideoConverter.App.start(App.java:18) - ---------------------------------------------------------------------
07 Sep 2014 21:17:14,016   INFO VideoConverter.App.stop(App.java:26) - Window Closed ,stopping running session
07 Sep 2014 21:17:14,032   INFO VideoConverter.App.stop(App.java:28) - ---------------------------------------------------------------------
07 Sep 2014 21:17:14,032   INFO VideoConverter.App.stop(App.java:29) - -------------------- App stopped ------------------------------------
07 Sep 2014 21:17:14,032   INFO VideoConverter.App.stop(App.java:30) - ---------------------------------------------------------------------
07 Sep 2014 21:17:21,319   INFO VideoConverter.App.start(App.java:16) - ---------------------------------------------------------------------
07 Sep 2014 21:17:21,320   INFO VideoConverter.App.start(App.java:17) - -------------------- App started ------------------------------------
07 Sep 2014 21:17:21,322   INFO VideoConverter.App.start(App.java:18) - ---------------------------------------------------------------------
07 Sep 2014 21:17:41,297   INFO VideoConverter.App.stop(App.java:26) - Window Closed ,stopping running session
07 Sep 2014 21:17:41,314   INFO VideoConverter.App.stop(App.java:28) - ---------------------------------------------------------------------
07 Sep 2014 21:17:41,315   INFO VideoConverter.App.stop(App.java:29) - -------------------- App stopped ------------------------------------
07 Sep 2014 21:17:41,315   INFO VideoConverter.App.stop(App.java:30) - ---------------------------------------------------------------------
07 Sep 2014 21:18:17,278   INFO VideoConverter.App.start(App.java:16) - ---------------------------------------------------------------------
07 Sep 2014 21:18:17,280   INFO VideoConverter.App.start(App.java:17) - -------------------- App started ------------------------------------
07 Sep 2014 21:18:17,281   INFO VideoConverter.App.start(App.java:18) - ---------------------------------------------------------------------
07 Sep 2014 21:18:33,680   INFO VideoConverter.App.start(App.java:16) - ---------------------------------------------------------------------
07 Sep 2014 21:18:33,682   INFO VideoConverter.App.start(App.java:17) - -------------------- App started ------------------------------------
07 Sep 2014 21:18:33,683   INFO VideoConverter.App.start(App.java:18) - ---------------------------------------------------------------------
07 Sep 2014 21:18:36,808   INFO VideoConverter.App.stop(App.java:26) - Window Closed ,stopping running session
07 Sep 2014 21:18:36,823   INFO VideoConverter.App.stop(App.java:28) - ---------------------------------------------------------------------
07 Sep 2014 21:18:36,823   INFO VideoConverter.App.stop(App.java:29) - -------------------- App stopped ------------------------------------
07 Sep 2014 21:18:36,824   INFO VideoConverter.App.stop(App.java:30) - ---------------------------------------------------------------------
07 Sep 2014 21:18:39,497   INFO VideoConverter.App.start(App.java:16) - ---------------------------------------------------------------------
07 Sep 2014 21:18:39,499   INFO VideoConverter.App.start(App.java:17) - -------------------- App started ------------------------------------
07 Sep 2014 21:18:39,500   INFO VideoConverter.App.start(App.java:18) - ---------------------------------------------------------------------
07 Sep 2014 21:18:47,070   INFO VideoConverter.App.stop(App.java:26) - Window Closed ,stopping running session
07 Sep 2014 21:18:47,084   INFO VideoConverter.App.stop(App.java:28) - ---------------------------------------------------------------------
07 Sep 2014 21:18:47,085   INFO VideoConverter.App.stop(App.java:29) - -------------------- App stopped ------------------------------------
07 Sep 2014 21:18:47,085   INFO VideoConverter.App.stop(App.java:30) - ---------------------------------------------------------------------
07 Sep 2014 21:18:53,453   INFO VideoConverter.App.stop(App.java:26) - Window Closed ,stopping running session
07 Sep 2014 21:18:53,470   INFO VideoConverter.App.stop(App.java:28) - ---------------------------------------------------------------------
07 Sep 2014 21:18:53,470   INFO VideoConverter.App.stop(App.java:29) - -------------------- App stopped ------------------------------------
07 Sep 2014 21:18:53,471   INFO VideoConverter.App.stop(App.java:30) - ---------------------------------------------------------------------
07 Sep 2014 21:20:07,139   INFO VideoConverter.App.start(App.java:16) - ---------------------------------------------------------------------
07 Sep 2014 21:20:07,140   INFO VideoConverter.App.start(App.java:17) - -------------------- App started ------------------------------------
07 Sep 2014 21:20:07,142   INFO VideoConverter.App.start(App.java:18) - ---------------------------------------------------------------------
07 Sep 2014 21:20:29,496   INFO VideoConverter.App.stop(App.java:26) - Window Closed ,stopping running session
07 Sep 2014 21:20:29,515   INFO VideoConverter.App.stop(App.java:28) - ---------------------------------------------------------------------
07 Sep 2014 21:20:29,515   INFO VideoConverter.App.stop(App.java:29) - -------------------- App stopped ------------------------------------
07 Sep 2014 21:20:29,515   INFO VideoConverter.App.stop(App.java:30) - ---------------------------------------------------------------------
07 Sep 2014 21:21:04,770   INFO VideoConverter.App.start(App.java:16) - ---------------------------------------------------------------------
07 Sep 2014 21:21:04,772   INFO VideoConverter.App.start(App.java:17) - -------------------- App started ------------------------------------
07 Sep 2014 21:21:04,773   INFO VideoConverter.App.start(App.java:18) - ---------------------------------------------------------------------
07 Sep 2014 21:21:14,610   INFO VideoConverter.App.stop(App.java:26) - Window Closed ,stopping running session
07 Sep 2014 21:21:14,619   INFO VideoConverter.App.stop(App.java:28) - ---------------------------------------------------------------------
07 Sep 2014 21:21:14,620   INFO VideoConverter.App.stop(App.java:29) - -------------------- App stopped ------------------------------------
07 Sep 2014 21:21:14,620   INFO VideoConverter.App.stop(App.java:30) - ---------------------------------------------------------------------
07 Sep 2014 21:22:25,566   INFO VideoConverter.App.start(App.java:16) - ---------------------------------------------------------------------
07 Sep 2014 21:22:25,568   INFO VideoConverter.App.start(App.java:17) - -------------------- App started ------------------------------------
07 Sep 2014 21:22:25,570   INFO VideoConverter.App.start(App.java:18) - ---------------------------------------------------------------------
07 Sep 2014 21:22:51,487   INFO VideoConverter.App.stop(App.java:26) - Window Closed ,stopping running session
07 Sep 2014 21:22:51,502   INFO VideoConverter.App.stop(App.java:28) - ---------------------------------------------------------------------
07 Sep 2014 21:22:51,503   INFO VideoConverter.App.stop(App.java:29) - -------------------- App stopped ------------------------------------
07 Sep 2014 21:22:51,503   INFO VideoConverter.App.stop(App.java:30) - ---------------------------------------------------------------------
07 Sep 2014 21:23:21,931   INFO VideoConverter.App.start(App.java:16) - ---------------------------------------------------------------------
07 Sep 2014 21:23:21,933   INFO VideoConverter.App.start(App.java:17) - -------------------- App started ------------------------------------
07 Sep 2014 21:23:21,934   INFO VideoConverter.App.start(App.java:18) - ---------------------------------------------------------------------
07 Sep 2014 21:23:27,078   INFO VideoConverter.App.stop(App.java:26) - Window Closed ,stopping running session
07 Sep 2014 21:23:27,097   INFO VideoConverter.App.stop(App.java:28) - ---------------------------------------------------------------------
07 Sep 2014 21:23:27,098   INFO VideoConverter.App.stop(App.java:29) - -------------------- App stopped ------------------------------------
07 Sep 2014 21:23:27,098   INFO VideoConverter.App.stop(App.java:30) - ---------------------------------------------------------------------
07 Sep 2014 21:24:12,428   INFO VideoConverter.App.start(App.java:16) - ---------------------------------------------------------------------
07 Sep 2014 21:24:12,430   INFO VideoConverter.App.start(App.java:17) - -------------------- App started ------------------------------------
07 Sep 2014 21:24:12,432   INFO VideoConverter.App.start(App.java:18) - ---------------------------------------------------------------------
07 Sep 2014 21:24:26,862   INFO VideoConverter.App.stop(App.java:26) - Window Closed ,stopping running session
07 Sep 2014 21:24:26,881   INFO VideoConverter.App.stop(App.java:28) - ---------------------------------------------------------------------
07 Sep 2014 21:24:26,881   INFO VideoConverter.App.stop(App.java:29) - -------------------- App stopped ------------------------------------
07 Sep 2014 21:24:26,882   INFO VideoConverter.App.stop(App.java:30) - ---------------------------------------------------------------------
07 Sep 2014 21:24:37,561   INFO VideoConverter.App.start(App.java:16) - ---------------------------------------------------------------------
07 Sep 2014 21:24:37,563   INFO VideoConverter.App.start(App.java:17) - -------------------- App started ------------------------------------
07 Sep 2014 21:24:37,564   INFO VideoConverter.App.start(App.java:18) - ---------------------------------------------------------------------
07 Sep 2014 21:24:45,341   INFO VideoConverter.App.stop(App.java:26) - Window Closed ,stopping running session
07 Sep 2014 21:24:45,359   INFO VideoConverter.App.stop(App.java:28) - ---------------------------------------------------------------------
07 Sep 2014 21:24:45,359   INFO VideoConverter.App.stop(App.java:29) - -------------------- App stopped ------------------------------------
07 Sep 2014 21:24:45,359   INFO VideoConverter.App.stop(App.java:30) - ---------------------------------------------------------------------
07 Sep 2014 21:25:00,975   INFO VideoConverter.App.start(App.java:16) - ---------------------------------------------------------------------
07 Sep 2014 21:25:00,977   INFO VideoConverter.App.start(App.java:17) - -------------------- App started ------------------------------------
07 Sep 2014 21:25:00,978   INFO VideoConverter.App.start(App.java:18) - ---------------------------------------------------------------------
07 Sep 2014 21:25:01,259   INFO VideoConverter.App.stop(App.java:26) - Window Closed ,stopping running session
07 Sep 2014 21:25:17,291   INFO VideoConverter.App.start(App.java:16) - ---------------------------------------------------------------------
07 Sep 2014 21:25:17,293   INFO VideoConverter.App.start(App.java:17) - -------------------- App started ------------------------------------
07 Sep 2014 21:25:17,295   INFO VideoConverter.App.start(App.java:18) - ---------------------------------------------------------------------
07 Sep 2014 21:25:17,591   INFO VideoConverter.App.stop(App.java:26) - Window Closed ,stopping running session
07 Sep 2014 21:26:16,989   INFO VideoConverter.App.start(App.java:16) - ---------------------------------------------------------------------
07 Sep 2014 21:26:16,991   INFO VideoConverter.App.start(App.java:17) - -------------------- App started ------------------------------------
07 Sep 2014 21:26:16,992   INFO VideoConverter.App.start(App.java:18) - ---------------------------------------------------------------------
07 Sep 2014 21:26:20,709   INFO VideoConverter.App.stop(App.java:26) - Window Closed ,stopping running session
07 Sep 2014 21:26:20,725   INFO VideoConverter.App.stop(App.java:28) - ---------------------------------------------------------------------
07 Sep 2014 21:26:20,725   INFO VideoConverter.App.stop(App.java:29) - -------------------- App stopped ------------------------------------
07 Sep 2014 21:26:20,725   INFO VideoConverter.App.stop(App.java:30) - ---------------------------------------------------------------------
07 Sep 2014 21:26:26,201   INFO VideoConverter.App.start(App.java:16) - ---------------------------------------------------------------------
07 Sep 2014 21:26:26,203   INFO VideoConverter.App.start(App.java:17) - -------------------- App started ------------------------------------
07 Sep 2014 21:26:26,204   INFO VideoConverter.App.start(App.java:18) - ---------------------------------------------------------------------
07 Sep 2014 21:26:28,557   INFO VideoConverter.App.stop(App.java:26) - Window Closed ,stopping running session
07 Sep 2014 21:26:28,571   INFO VideoConverter.App.stop(App.java:28) - ---------------------------------------------------------------------
07 Sep 2014 21:26:28,571   INFO VideoConverter.App.stop(App.java:29) - -------------------- App stopped ------------------------------------
07 Sep 2014 21:26:28,571   INFO VideoConverter.App.stop(App.java:30) - ---------------------------------------------------------------------
07 Sep 2014 21:26:33,753   INFO VideoConverter.App.start(App.java:16) - ---------------------------------------------------------------------
07 Sep 2014 21:26:33,755   INFO VideoConverter.App.start(App.java:17) - -------------------- App started ------------------------------------
07 Sep 2014 21:26:33,757   INFO VideoConverter.App.start(App.java:18) - ---------------------------------------------------------------------
07 Sep 2014 21:26:42,638   INFO VideoConverter.App.stop(App.java:26) - Window Closed ,stopping running session
07 Sep 2014 21:26:42,656   INFO VideoConverter.App.stop(App.java:28) - ---------------------------------------------------------------------
07 Sep 2014 21:26:42,657   INFO VideoConverter.App.stop(App.java:29) - -------------------- App stopped ------------------------------------
07 Sep 2014 21:26:42,657   INFO VideoConverter.App.stop(App.java:30) - ---------------------------------------------------------------------
07 Sep 2014 21:26:49,184   INFO VideoConverter.App.start(App.java:16) - ---------------------------------------------------------------------
07 Sep 2014 21:26:49,186   INFO VideoConverter.App.start(App.java:17) - -------------------- App started ------------------------------------
07 Sep 2014 21:26:49,187   INFO VideoConverter.App.start(App.java:18) - ---------------------------------------------------------------------
07 Sep 2014 21:26:59,005   INFO VideoConverter.App.stop(App.java:26) - Window Closed ,stopping running session
07 Sep 2014 21:26:59,024   INFO VideoConverter.App.stop(App.java:28) - ---------------------------------------------------------------------
07 Sep 2014 21:26:59,024   INFO VideoConverter.App.stop(App.java:29) - -------------------- App stopped ------------------------------------
07 Sep 2014 21:26:59,024   INFO VideoConverter.App.stop(App.java:30) - ---------------------------------------------------------------------
07 Sep 2014 21:27:28,049   INFO VideoConverter.App.start(App.java:16) - ---------------------------------------------------------------------
07 Sep 2014 21:27:28,051   INFO VideoConverter.App.start(App.java:17) - -------------------- App started ------------------------------------
07 Sep 2014 21:27:28,053   INFO VideoConverter.App.start(App.java:18) - ---------------------------------------------------------------------
07 Sep 2014 21:27:36,461   INFO VideoConverter.App.stop(App.java:26) - Window Closed ,stopping running session
07 Sep 2014 21:27:36,479   INFO VideoConverter.App.stop(App.java:28) - ---------------------------------------------------------------------
07 Sep 2014 21:27:36,479   INFO VideoConverter.App.stop(App.java:29) - -------------------- App stopped ------------------------------------
07 Sep 2014 21:27:36,479   INFO VideoConverter.App.stop(App.java:30) - ---------------------------------------------------------------------
07 Sep 2014 21:28:02,219   INFO VideoConverter.App.start(App.java:16) - ---------------------------------------------------------------------
07 Sep 2014 21:28:02,221   INFO VideoConverter.App.start(App.java:17) - -------------------- App started ------------------------------------
07 Sep 2014 21:28:02,222   INFO VideoConverter.App.start(App.java:18) - ---------------------------------------------------------------------
07 Sep 2014 21:28:13,317   INFO VideoConverter.App.stop(App.java:26) - Window Closed ,stopping running session
07 Sep 2014 21:28:13,336   INFO VideoConverter.App.stop(App.java:28) - ---------------------------------------------------------------------
07 Sep 2014 21:28:13,336   INFO VideoConverter.App.stop(App.java:29) - -------------------- App stopped ------------------------------------
07 Sep 2014 21:28:13,337   INFO VideoConverter.App.stop(App.java:30) - ---------------------------------------------------------------------
07 Sep 2014 21:28:24,850   INFO VideoConverter.App.start(App.java:16) - ---------------------------------------------------------------------
07 Sep 2014 21:28:24,852   INFO VideoConverter.App.start(App.java:17) - -------------------- App started ------------------------------------
07 Sep 2014 21:28:24,854   INFO VideoConverter.App.start(App.java:18) - ---------------------------------------------------------------------
07 Sep 2014 21:28:32,508   INFO VideoConverter.App.stop(App.java:26) - Window Closed ,stopping running session
07 Sep 2014 21:28:32,526   INFO VideoConverter.App.stop(App.java:28) - ---------------------------------------------------------------------
07 Sep 2014 21:28:32,526   INFO VideoConverter.App.stop(App.java:29) - -------------------- App stopped ------------------------------------
07 Sep 2014 21:28:32,527   INFO VideoConverter.App.stop(App.java:30) - ---------------------------------------------------------------------
07 Sep 2014 21:28:54,559   INFO VideoConverter.App.start(App.java:16) - ---------------------------------------------------------------------
07 Sep 2014 21:28:54,561   INFO VideoConverter.App.start(App.java:17) - -------------------- App started ------------------------------------
07 Sep 2014 21:28:54,562   INFO VideoConverter.App.start(App.java:18) - ---------------------------------------------------------------------
07 Sep 2014 21:30:32,265   INFO np.dheeraj.sachan.transcoder.TranscoderController.selectPrimaryVideo(TranscoderController.java:283) - Caught exception null
07 Sep 2014 21:31:35,981   INFO VideoConverter.App.start(App.java:16) - ---------------------------------------------------------------------
07 Sep 2014 21:31:35,983   INFO VideoConverter.App.start(App.java:17) - -------------------- App started ------------------------------------
07 Sep 2014 21:31:35,985   INFO VideoConverter.App.start(App.java:18) - ---------------------------------------------------------------------
07 Sep 2014 21:31:40,589   INFO np.dheeraj.sachan.transcoder.TranscoderController.selectPrimaryVideo(TranscoderController.java:283) - Caught exception null
07 Sep 2014 21:31:41,457   INFO VideoConverter.App.stop(App.java:26) - Window Closed ,stopping running session
07 Sep 2014 21:31:41,483   INFO VideoConverter.App.stop(App.java:28) - ---------------------------------------------------------------------
07 Sep 2014 21:31:41,483   INFO VideoConverter.App.stop(App.java:29) - -------------------- App stopped ------------------------------------
07 Sep 2014 21:31:41,484   INFO VideoConverter.App.stop(App.java:30) - ---------------------------------------------------------------------
07 Sep 2014 21:32:38,831   INFO np.dheeraj.sachan.transcoder.TranscoderController.selectPrimaryVideo(TranscoderController.java:283) - Caught exception null
07 Sep 2014 21:32:40,153   INFO VideoConverter.App.stop(App.java:26) - Window Closed ,stopping running session
07 Sep 2014 21:32:40,169   INFO VideoConverter.App.stop(App.java:28) - ---------------------------------------------------------------------
07 Sep 2014 21:32:40,169   INFO VideoConverter.App.stop(App.java:29) - -------------------- App stopped ------------------------------------
07 Sep 2014 21:32:40,169   INFO VideoConverter.App.stop(App.java:30) - ---------------------------------------------------------------------
07 Sep 2014 21:33:52,919   INFO VideoConverter.App.start(App.java:16) - ---------------------------------------------------------------------
07 Sep 2014 21:33:52,921   INFO VideoConverter.App.start(App.java:17) - -------------------- App started ------------------------------------
07 Sep 2014 21:33:52,923   INFO VideoConverter.App.start(App.java:18) - ---------------------------------------------------------------------
07 Sep 2014 21:34:43,438   INFO np.dheeraj.sachan.transcoder.TranscoderController.selectPrimaryVideo(TranscoderController.java:288) - Caught exception null
07 Sep 2014 21:39:43,733   INFO np.dheeraj.sachan.transcoder.TranscoderController.selectPrimaryVideo(TranscoderController.java:288) - Caught exception null
07 Sep 2014 21:39:44,845   INFO VideoConverter.App.stop(App.java:26) - Window Closed ,stopping running session
07 Sep 2014 21:39:44,864   INFO VideoConverter.App.stop(App.java:28) - ---------------------------------------------------------------------
07 Sep 2014 21:39:44,865   INFO VideoConverter.App.stop(App.java:29) - -------------------- App stopped ------------------------------------
07 Sep 2014 21:39:44,865   INFO VideoConverter.App.stop(App.java:30) - ---------------------------------------------------------------------
